Started GET "/users/new" for 127.0.0.1 at 2020-09-24 14:42:56 +0200
  
ActionController::RoutingError (No route matches [GET] "/users/new"):
  
actionpack (5.1.7) lib/action_dispatch/middleware/debug_exceptions.rb:63:in `call'
web-console (3.7.0) lib/web_console/middleware.rb:135:in `call_app'
web-console (3.7.0) lib/web_console/middleware.rb:30:in `block in call'
web-console (3.7.0) lib/web_console/middleware.rb:20:in `catch'
web-console (3.7.0) lib/web_console/middleware.rb:20:in `call'
actionpack (5.1.7) lib/action_dispatch/middleware/show_exceptions.rb:31:in `call'
railties (5.1.7) lib/rails/rack/logger.rb:36:in `call_app'
railties (5.1.7) lib/rails/rack/logger.rb:24:in `block in call'
activesupport (5.1.7) lib/active_support/tagged_logging.rb:69:in `block in tagged'
activesupport (5.1.7) lib/active_support/tagged_logging.rb:26:in `tagged'
activesupport (5.1.7) lib/active_support/tagged_logging.rb:69:in `tagged'
railties (5.1.7) lib/rails/rack/logger.rb:24:in `call'
sprockets-rails (3.2.2) lib/sprockets/rails/quiet_assets.rb:13:in `call'
actionpack (5.1.7) lib/action_dispatch/middleware/remote_ip.rb:79:in `call'
actionpack (5.1.7) lib/action_dispatch/middleware/request_id.rb:25:in `call'
rack (2.2.3) lib/rack/method_override.rb:24:in `call'
rack (2.2.3) lib/rack/runtime.rb:22:in `call'
activesupport (5.1.7) lib/active_support/cache/strategy/local_cache_middleware.rb:27:in `call'
actionpack (5.1.7) lib/action_dispatch/middleware/executor.rb:12:in `call'
actionpack (5.1.7) lib/action_dispatch/middleware/static.rb:125:in `call'
rack (2.2.3) lib/rack/sendfile.rb:110:in `call'
railties (5.1.7) lib/rails/engine.rb:522:in `call'
puma (3.12.6) lib/puma/configuration.rb:227:in `call'
puma (3.12.6) lib/puma/server.rb:706:in `handle_request'
puma (3.12.6) lib/puma/server.rb:476:in `process_client'
puma (3.12.6) lib/puma/server.rb:334:in `block in run'
puma (3.12.6) lib/puma/thread_pool.rb:135:in `block in spawn_thread'
Started GET "/users/new" for 127.0.0.1 at 2020-09-24 14:43:04 +0200
  
ActionController::RoutingError (No route matches [GET] "/users/new"):
  
actionpack (5.1.7) lib/action_dispatch/middleware/debug_exceptions.rb:63:in `call'
web-console (3.7.0) lib/web_console/middleware.rb:135:in `call_app'
web-console (3.7.0) lib/web_console/middleware.rb:30:in `block in call'
web-console (3.7.0) lib/web_console/middleware.rb:20:in `catch'
web-console (3.7.0) lib/web_console/middleware.rb:20:in `call'
actionpack (5.1.7) lib/action_dispatch/middleware/show_exceptions.rb:31:in `call'
railties (5.1.7) lib/rails/rack/logger.rb:36:in `call_app'
railties (5.1.7) lib/rails/rack/logger.rb:24:in `block in call'
activesupport (5.1.7) lib/active_support/tagged_logging.rb:69:in `block in tagged'
activesupport (5.1.7) lib/active_support/tagged_logging.rb:26:in `tagged'
activesupport (5.1.7) lib/active_support/tagged_logging.rb:69:in `tagged'
railties (5.1.7) lib/rails/rack/logger.rb:24:in `call'
sprockets-rails (3.2.2) lib/sprockets/rails/quiet_assets.rb:13:in `call'
actionpack (5.1.7) lib/action_dispatch/middleware/remote_ip.rb:79:in `call'
actionpack (5.1.7) lib/action_dispatch/middleware/request_id.rb:25:in `call'
rack (2.2.3) lib/rack/method_override.rb:24:in `call'
rack (2.2.3) lib/rack/runtime.rb:22:in `call'
activesupport (5.1.7) lib/active_support/cache/strategy/local_cache_middleware.rb:27:in `call'
actionpack (5.1.7) lib/action_dispatch/middleware/executor.rb:12:in `call'
actionpack (5.1.7) lib/action_dispatch/middleware/static.rb:125:in `call'
rack (2.2.3) lib/rack/sendfile.rb:110:in `call'
railties (5.1.7) lib/rails/engine.rb:522:in `call'
puma (3.12.6) lib/puma/configuration.rb:227:in `call'
puma (3.12.6) lib/puma/server.rb:706:in `handle_request'
puma (3.12.6) lib/puma/server.rb:476:in `process_client'
puma (3.12.6) lib/puma/server.rb:334:in `block in run'
puma (3.12.6) lib/puma/thread_pool.rb:135:in `block in spawn_thread'
Started GET "/user/new" for 127.0.0.1 at 2020-09-24 14:43:16 +0200
Processing by UserController#new as HTML
  Rendering user/new.html.erb within layouts/application
  Rendered user/new.html.erb within layouts/application (0.2ms)
Completed 200 OK in 452ms (Views: 303.3ms)


Started GET "/user/new" for 127.0.0.1 at 2020-09-24 14:46:47 +0200
Processing by UserController#new as HTML
  Rendering user/new.html.erb within layouts/application
  Rendered user/new.html.erb within layouts/application (0.3ms)
Completed 200 OK in 17ms (Views: 16.4ms)


